work_android_network/03.BleControl/app/build/intermediates/manifest_merge_blame_file/debug/manifest-merger-blame-debug-report.txt
1<?xml version="1.0" encoding="utf-8"?>
2<manifest xmlns:android="http://schemas.android.com/apk/res/android"
3    package="com.ssafy.control"
4    android:versionCode="1"
5    android:versionName="1.0" >
6
7    <uses-sdk
8        android:minSdkVersion="24"
8-->src\main\AndroidManifest.xml
9        android:targetSdkVersion="30" />
9-->src\main\AndroidManifest.xml
10
11    <uses-permission android:name="android.permission.BLUETOOTH_ADMIN" />
11-->src\main\AndroidManifest.xml:6:2-70
11-->src\main\AndroidManifest.xml:6:19-68
12    <uses-permission android:name="android.permission.BLUETOOTH" />
12-->src\main\AndroidManifest.xml:7:5-67
12-->src\main\AndroidManifest.xml:7:22-65
13    <uses-permission android:name="android.permission.ACCESS_FINE_LOCATION" />
13-->src\main\AndroidManifest.xml:8:5-78
13-->src\main\AndroidManifest.xml:8:22-76
14    <uses-permission android:name="android.permission.ACCESS_BACKGROUND_LOCATION" />
14-->src\main\AndroidManifest.xml:10:5-84
14-->src\main\AndroidManifest.xml:10:22-82
15
16    <uses-feature
16-->src\main\AndroidManifest.xml:12:5-14:35
17        android:name="android.hardware.bluetooth.ble"
17-->src\main\AndroidManifest.xml:13:9-54
18        android:required="true" />
18-->src\main\AndroidManifest.xml:14:9-32
19    <uses-feature
19-->src\main\AndroidManifest.xml:16:6-91
20        android:name="android.hardware.bluetooth_le"
20-->src\main\AndroidManifest.xml:16:20-64
21        android:required="true" />
21-->src\main\AndroidManifest.xml:16:65-88
22
23    <application
23-->src\main\AndroidManifest.xml:18:5-31:19
24        android:allowBackup="true"
24-->src\main\AndroidManifest.xml:19:9-35
25        android:appComponentFactory="androidx.core.app.CoreComponentFactory"
25-->[androidx.core:core:1.5.0] AndroidManifest.xml:24:18-86
26        android:debuggable="true"
27        android:extractNativeLibs="false"
28        android:icon="@drawable/ic_launcher"
28-->src\main\AndroidManifest.xml:20:9-45
29        android:label="@string/app_name"
29-->src\main\AndroidManifest.xml:21:9-41
30        android:testOnly="true"
31        android:theme="@style/AppTheme" >
31-->src\main\AndroidManifest.xml:22:9-40
32        <activity
32-->src\main\AndroidManifest.xml:23:9-30:20
33            android:name="com.ssafy.control.MainActivity"
33-->src\main\AndroidManifest.xml:24:13-41
34            android:label="@string/app_name" >
34-->src\main\AndroidManifest.xml:25:13-45
35            <intent-filter>
35-->src\main\AndroidManifest.xml:26:13-29:29
36                <action android:name="android.intent.action.MAIN" />
36-->src\main\AndroidManifest.xml:27:17-69
36-->src\main\AndroidManifest.xml:27:25-66
37
38                <category android:name="android.intent.category.LAUNCHER" />
38-->src\main\AndroidManifest.xml:28:17-77
38-->src\main\AndroidManifest.xml:28:27-74
39            </intent-filter>
40        </activity>
41    </application>
42
43</manifest>